<?xml version="1.0" encoding="UTF-8"?>
<testsuite name="stream.world.WorldTestSuite" tests="1" skipped="0" failures="0" errors="0" timestamp="2023-09-12T01:25:52" hostname="DESKTOP-DKN2RU7" time="0.023">
  <properties/>
  <testcase name="testGetPeopleQuantity()" classname="stream.world.WorldTestSuite" time="0.023"/>
  <system-out><![CDATA[Continent{continentA=[Country{countryName='A', peopleQuantity=10}, Country{countryName='Aa', peopleQuantity=20}, Country{countryName='Aaa', peopleQuantity=30}], continentB=[Country{countryName='B', peopleQuantity=40}, Country{countryName='Bb', peopleQuantity=50}, Country{countryName='Bbb', peopleQuantity=60}]}
210
]]></system-out>
  <system-err><![CDATA[]]></system-err>
</testsuite>
